#
# A fatal error has been detected by the Java Runtime Environment:
#
#  EXCEPTION_ACCESS_VIOLATION (0xc0000005) at pc=0xffffffffa41a5120, pid=2176, tid=0x0000000000000eec
#
# JRE version: Java(TM) SE Runtime Environment (8.0_211-b12) (build 1.8.0_211-b12)
# Java VM: Java HotSpot(TM) 64-Bit Server VM (25.211-b12 mixed mode windows-amd64 compressed oops)
# Problematic frame:
# C  0xffffffffa41a5120
#
# Failed to write core dump. Minidumps are not enabled by default on client versions of Windows
#
# If you would like to submit a bug report, please visit:
#   http://bugreport.java.com/bugreport/crash.jsp
#

---------------  T H R E A D  ---------------

Current thread (0x0000000018e5e000):  JavaThread "http-nio-8080-exec-1" daemon [_thread_in_Java, id=3820, stack(0x000000001eb60000,0x000000001ec60000)]

siginfo: ExceptionCode=0xc0000005, ExceptionInformation=0x0000000000000008 0xffffffffa41a5120

Registers:
RAX=0x0000000018180430, RBX=0x0000000018180430, RCX=0x00000000eca776f8, RDX=0x00000000eca776f8
RSP=0x000000001ec5d018, RBP=0x000000001ec5d070, RSI=0x00000001004e7ab0, RDI=0x00000000181b4460
R8 =0x00000000ecbf37e8, R9 =0x00000000c0515598, R10=0x000000005cde7650, R11=0x00000000033604a0
R12=0x0000000000000000, R13=0x000000001ec5d028, R14=0x00000001004eb378, R15=0x0000000018e5e000
RIP=0xffffffffa41a5120, EFLAGS=0x0000000000010202

Top of Stack: (sp=0x000000001ec5d018)
0x000000001ec5d018:   00000000031a7ef4 00000000031a7ef4
0x000000001ec5d028:   00000000eca776f8 000000001ec5d030
0x000000001ec5d038:   00000000181ad849 000000001ec5d0c0
0x000000001ec5d048:   00000000181b11e8 0000000000000000
0x000000001ec5d058:   00000000181ad958 000000001ec5d028
0x000000001ec5d068:   000000001ec5d0b0 000000001ec5d110
0x000000001ec5d078:   00000000031a7e20 00000000ec983a00
0x000000001ec5d088:   0000000000000000 00000000eac49480
0x000000001ec5d098:   00000000eca776f8 00000000ecbf5800
0x000000001ec5d0a8:   00000000ecbf57b8 00000000ecbab948
0x000000001ec5d0b8:   00000000ecbed7a0 00000000ecbee9b0
0x000000001ec5d0c8:   00000000ecbf3548 000000001ec5d0d0
0x000000001ec5d0d8:   00000000181ad67a 000000001ec5d140
0x000000001ec5d0e8:   00000000181b11e8 0000000000000000
0x000000001ec5d0f8:   00000000181ad758 000000001ec5d0b0
0x000000001ec5d108:   000000001ec5d138 000000001ec5d190 

Instructions: (pc=0xffffffffa41a5120)
0xffffffffa41a5100:   
[error occurred during error reporting (printing registers, top of stack, instructions near pc), id 0xc0000005]

Register to memory mapping:

RAX={method} {0x0000000018180438} 'getMatchingElementName' '()Lorg/thymeleaf/processor/element/MatchingElementName;' in 'org/thymeleaf/util/ProcessorConfigurationUtils$AbstractElementProcessorWrapper'
RBX={method} {0x0000000018180438} 'getMatchingElementName' '()Lorg/thymeleaf/processor/element/MatchingElementName;' in 'org/thymeleaf/util/ProcessorConfigurationUtils$AbstractElementProcessorWrapper'
RCX=0x00000000eca776f8 is an oop
org.thymeleaf.util.ProcessorConfigurationUtils$ElementTagProcessorWrapper 
 - klass: 'org/thymeleaf/util/ProcessorConfigurationUtils$ElementTagProcessorWrapper'
RDX=0x00000000eca776f8 is an oop
org.thymeleaf.util.ProcessorConfigurationUtils$ElementTagProcessorWrapper 
 - klass: 'org/thymeleaf/util/ProcessorConfigurationUtils$ElementTagProcessorWrapper'
RSP=0x000000001ec5d018 is pointing into the stack for thread: 0x0000000018e5e000
RBP=0x000000001ec5d070 is pointing into the stack for thread: 0x0000000018e5e000
RSI=0x00000001004e7ab0 is pointing into metadata
RDI=0x00000000181b4460 is pointing into metadata
R8 =0x00000000ecbf37e8 is an oop
java.lang.String 
 - klass: 'java/lang/String'
R9 =0x00000000c0515598 is an oop
java.lang.Class 
 - klass: 'java/lang/Class'
R10=0x000000005cde7650 is an unknown value
R11=0x00000000033604a0 is at entry_point+32 in (nmethod*)0x0000000003360310
R12=0x0000000000000000 is an unknown value
R13=0x000000001ec5d028 is pointing into the stack for thread: 0x0000000018e5e000
R14=0x00000001004eb378 is pointing into metadata
R15=0x0000000018e5e000 is a thread


Stack: [0x000000001eb60000,0x000000001ec60000],  sp=0x000000001ec5d018,  free space=1012k
Native frames: (J=compiled Java code, j=interpreted, Vv=VM code, C=native code)
C  0xffffffffa41a5120


---------------  P R O C E S S  ---------------

Java Threads: ( => current thread )
  0x000000001cb89800 JavaThread "DestroyJavaVM" [_thread_blocked, id=13788, stack(0x0000000002ef0000,0x0000000002ff0000)]
  0x000000001cb82800 JavaThread "http-nio-8080-Acceptor" daemon [_thread_in_native, id=7696, stack(0x000000001f660000,0x000000001f760000)]
  0x000000001cb88800 JavaThread "http-nio-8080-ClientPoller" daemon [_thread_in_native, id=6864, stack(0x000000001f560000,0x000000001f660000)]
  0x000000001cb85000 JavaThread "http-nio-8080-exec-10" daemon [_thread_blocked, id=15096, stack(0x000000001f460000,0x000000001f560000)]
  0x000000001cb87000 JavaThread "http-nio-8080-exec-9" daemon [_thread_blocked, id=9208, stack(0x000000001f360000,0x000000001f460000)]
  0x000000001cb88000 JavaThread "http-nio-8080-exec-8" daemon [_thread_blocked, id=6776, stack(0x000000001f260000,0x000000001f360000)]
  0x000000001cb81000 JavaThread "http-nio-8080-exec-7" daemon [_thread_blocked, id=10844, stack(0x000000001f160000,0x000000001f260000)]
  0x000000001cb82000 JavaThread "http-nio-8080-exec-6" daemon [_thread_blocked, id=14964, stack(0x000000001f060000,0x000000001f160000)]
  0x000000001cb83800 JavaThread "http-nio-8080-exec-5" daemon [_thread_blocked, id=4500, stack(0x000000001ef60000,0x000000001f060000)]
  0x0000000018e5b000 JavaThread "http-nio-8080-exec-4" daemon [_thread_blocked, id=4864, stack(0x000000001ee60000,0x000000001ef60000)]
  0x0000000018e5f000 JavaThread "http-nio-8080-exec-3" daemon [_thread_blocked, id=788, stack(0x000000001ed60000,0x000000001ee60000)]
  0x0000000018e62000 JavaThread "http-nio-8080-exec-2" daemon [_thread_blocked, id=2632, stack(0x000000001ec60000,0x000000001ed60000)]
=>0x0000000018e5e000 JavaThread "http-nio-8080-exec-1" daemon [_thread_in_Java, id=3820, stack(0x000000001eb60000,0x000000001ec60000)]
  0x0000000018e60800 JavaThread "http-nio-8080-BlockPoller" daemon [_thread_in_native, id=2160, stack(0x000000001ea60000,0x000000001eb60000)]
  0x0000000018e5c800 JavaThread "Live Reload Server" daemon [_thread_in_native, id=172, stack(0x000000001e960000,0x000000001ea60000)]
  0x0000000018e61000 JavaThread "File Watcher" daemon [_thread_blocked, id=15020, stack(0x000000001e760000,0x000000001e860000)]
  0x0000000018e5d800 JavaThread "container-0" [_thread_blocked, id=6604, stack(0x000000001e460000,0x000000001e560000)]
  0x0000000018e5c000 JavaThread "Catalina-utility-2" [_thread_blocked, id=14996, stack(0x000000001e360000,0x000000001e460000)]
  0x0000000018e5f800 JavaThread "Catalina-utility-1" [_thread_blocked, id=1572, stack(0x000000001e260000,0x000000001e360000)]
  0x0000000019030800 JavaThread "JMX server connection timeout 18" daemon [_thread_blocked, id=14508, stack(0x000000001a460000,0x000000001a560000)]
  0x0000000018e77000 JavaThread "RMI Scheduler(0)" daemon [_thread_blocked, id=14112, stack(0x000000001a360000,0x000000001a460000)]
  0x0000000018e84000 JavaThread "RMI TCP Connection(1)-192.168.0.27" daemon [_thread_in_native, id=6828, stack(0x000000001a260000,0x000000001a360000)]
  0x0000000017455800 JavaThread "RMI TCP Accept-0" daemon [_thread_in_native, id=13540, stack(0x0000000019f60000,0x000000001a060000)]
  0x00000000158ce000 JavaThread "Service Thread" daemon [_thread_blocked, id=2072, stack(0x00000000175e0000,0x00000000176e0000)]
  0x0000000015882800 JavaThread "C1 CompilerThread2" daemon [_thread_blocked, id=9156, stack(0x00000000170e0000,0x00000000171e0000)]
  0x0000000015878000 JavaThread "C2 CompilerThread1" daemon [_thread_blocked, id=6784, stack(0x0000000016fe0000,0x00000000170e0000)]
  0x0000000015874800 JavaThread "C2 CompilerThread0" daemon [_thread_blocked, id=9716, stack(0x0000000016ee0000,0x0000000016fe0000)]
  0x0000000015872800 JavaThread "Attach Listener" daemon [_thread_blocked, id=10616, stack(0x0000000016de0000,0x0000000016ee0000)]
  0x000000001586f800 JavaThread "Signal Dispatcher" daemon [_thread_blocked, id=7968, stack(0x0000000016ce0000,0x0000000016de0000)]
  0x000000001585a000 JavaThread "Finalizer" daemon [_thread_blocked, id=1100, stack(0x0000000016ac0000,0x0000000016bc0000)]
  0x0000000003193000 JavaThread "Reference Handler" daemon [_thread_blocked, id=8116, stack(0x00000000169c0000,0x0000000016ac0000)]

Other Threads:
  0x0000000015838000 VMThread [stack: 0x00000000168c0000,0x00000000169c0000] [id=9636]
  0x0000000017252000 WatcherThread [stack: 0x00000000176e0000,0x00000000177e0000] [id=14672]

VM state:not at safepoint (normal execution)

VM Mutex/Monitor currently owned by a thread: None

heap address: 0x00000000c0000000, size: 1024 MB, Compressed Oops mode: 32-bit
Narrow klass base: 0x0000000000000000, Narrow klass shift: 3
Compressed class space size: 1073741824 Address: 0x0000000100000000

Heap:
 PSYoungGen      total 87040K, used 34106K [0x00000000eab00000, 0x00000000f2980000, 0x0000000100000000)
  eden space 76800K, 44% used [0x00000000eab00000,0x00000000ecc4e8a0,0x00000000ef600000)
  from space 10240K, 0% used [0x00000000ef600000,0x00000000ef600000,0x00000000f0000000)
  to   space 9728K, 0% used [0x00000000f2000000,0x00000000f2000000,0x00000000f2980000)
 ParOldGen       total 46592K, used 12260K [0x00000000c0000000, 0x00000000c2d80000, 0x00000000eab00000)
  object space 46592K, 26% used [0x00000000c0000000,0x00000000c0bf9130,0x00000000c2d80000)
 Metaspace       used 36414K, capacity 38234K, committed 38440K, reserved 1083392K
  class space    used 4750K, capacity 5063K, committed 5160K, reserved 1048576K

Card table byte_map: [0x0000000012560000,0x0000000012770000] byte_map_base: 0x0000000011f60000

Marking Bits: (ParMarkBitMap*) 0x000000005ce05ce0
 Begin Bits: [0x0000000012cd0000, 0x0000000013cd0000)
 End Bits:   [0x0000000013cd0000, 0x0000000014cd0000)

Polling page: 0x0000000001670000

CodeCache: size=245760Kb used=11532Kb max_used=12911Kb free=234227Kb
 bounds [0x00000000031a0000, 0x0000000003e50000, 0x00000000121a0000]
 total_blobs=3740 nmethods=3305 adapters=348
 compilation: enabled

Compilation events (10 events):
Event: 13.979 Thread 0x0000000015874800 nmethod 3706 0x0000000003505650 code [0x00000000035057a0, 0x0000000003505898]
Event: 13.979 Thread 0x0000000015882800 3714       1       org.thymeleaf.processor.element.MatchingElementName::getTemplateMode (5 bytes)
Event: 13.980 Thread 0x0000000015882800 nmethod 3714 0x000000000356b950 code [0x000000000356baa0, 0x000000000356bbb0]
Event: 13.980 Thread 0x0000000015874800 3715       4       org.thymeleaf.util.ProcessorConfigurationUtils$AbstractProcessorWrapper::getTemplateMode (10 bytes)
Event: 13.981 Thread 0x0000000015874800 nmethod 3715 0x0000000003814610 code [0x0000000003814740, 0x00000000038147b8]
Event: 13.981 Thread 0x0000000015874800 3716       4       org.thymeleaf.util.ProcessorConfigurationUtils$AbstractElementProcessorWrapper::getMatchingAttributeName (10 bytes)
Event: 13.981 Thread 0x0000000015874800 nmethod 3716 0x00000000037907d0 code [0x0000000003790900, 0x0000000003790978]
Event: 13.986 Thread 0x0000000015878000 nmethod 3705 0x0000000003350590 code [0x0000000003350700, 0x0000000003350e98]
Event: 13.986 Thread 0x0000000015874800 3717       4       org.thymeleaf.util.ProcessorConfigurationUtils$AbstractElementProcessorWrapper::getMatchingElementName (10 bytes)
Event: 13.987 Thread 0x0000000015874800 nmethod 3717 0x00000000037c8590 code [0x00000000037c86c0, 0x00000000037c8738]

GC Heap History (10 events):
Event: 3.060 GC heap before
{Heap before GC invocations=7 (full 1):
 PSYoungGen      total 35328K, used 32768K [0x00000000eab00000, 0x00000000ef800000, 0x0000000100000000)
  eden space 32768K, 100% used [0x00000000eab00000,0x00000000ecb00000,0x00000000ecb00000)
  from space 2560K, 0% used [0x00000000ecb00000,0x00000000ecb00000,0x00000000ecd80000)
  to   space 6656K, 0% used [0x00000000ef180000,0x00000000ef180000,0x00000000ef800000)
 ParOldGen       total 34816K, used 7704K [0x00000000c0000000, 0x00000000c2200000, 0x00000000eab00000)
  object space 34816K, 22% used [0x00000000c0000000,0x00000000c0786000,0x00000000c2200000)
 Metaspace       used 24589K, capacity 25294K, committed 25520K, reserved 1071104K
  class space    used 3200K, capacity 3402K, committed 3504K, reserved 1048576K
Event: 3.073 GC heap after
Heap after GC invocations=7 (full 1):
 PSYoungGen      total 56832K, used 4704K [0x00000000eab00000, 0x00000000ef680000, 0x0000000100000000)
  eden space 51712K, 0% used [0x00000000eab00000,0x00000000eab00000,0x00000000edd80000)
  from space 5120K, 91% used [0x00000000ef180000,0x00000000ef6182b8,0x00000000ef680000)
  to   space 6656K, 0% used [0x00000000ee980000,0x00000000ee980000,0x00000000ef000000)
 ParOldGen       total 34816K, used 7776K [0x00000000c0000000, 0x00000000c2200000, 0x00000000eab00000)
  object space 34816K, 22% used [0x00000000c0000000,0x00000000c0798010,0x00000000c2200000)
 Metaspace       used 24589K, capacity 25294K, committed 25520K, reserved 1071104K
  class space    used 3200K, capacity 3402K, committed 3504K, reserved 1048576K
}
Event: 4.527 GC heap before
{Heap before GC invocations=8 (full 1):
 PSYoungGen      total 56832K, used 56416K [0x00000000eab00000, 0x00000000ef680000, 0x0000000100000000)
  eden space 51712K, 100% used [0x00000000eab00000,0x00000000edd80000,0x00000000edd80000)
  from space 5120K, 91% used [0x00000000ef180000,0x00000000ef6182b8,0x00000000ef680000)
  to   space 6656K, 0% used [0x00000000ee980000,0x00000000ee980000,0x00000000ef000000)
 ParOldGen       total 34816K, used 7776K [0x00000000c0000000, 0x00000000c2200000, 0x00000000eab00000)
  object space 34816K, 22% used [0x00000000c0000000,0x00000000c0798010,0x00000000c2200000)
 Metaspace       used 27831K, capacity 28744K, committed 28976K, reserved 1075200K
  class space    used 3609K, capacity 3844K, committed 3888K, reserved 1048576K
Event: 4.554 GC heap after
Heap after GC invocations=8 (full 1):
 PSYoungGen      total 70656K, used 6650K [0x00000000eab00000, 0x00000000f0700000, 0x0000000100000000)
  eden space 64000K, 0% used [0x00000000eab00000,0x00000000eab00000,0x00000000ee980000)
  from space 6656K, 99% used [0x00000000ee980000,0x00000000eeffe8b0,0x00000000ef000000)
  to   space 7168K, 0% used [0x00000000f0000000,0x00000000f0000000,0x00000000f0700000)
 ParOldGen       total 34816K, used 7784K [0x00000000c0000000, 0x00000000c2200000, 0x00000000eab00000)
  object space 34816K, 22% used [0x00000000c0000000,0x00000000c079a010,0x00000000c2200000)
 Metaspace       used 27831K, capacity 28744K, committed 28976K, reserved 1075200K
  class space    used 3609K, capacity 3844K, committed 3888K, reserved 1048576K
}
Event: 7.193 GC heap before
{Heap before GC invocations=9 (full 1):
 PSYoungGen      total 70656K, used 70650K [0x00000000eab00000, 0x00000000f0700000, 0x0000000100000000)
  eden space 64000K, 100% used [0x00000000eab00000,0x00000000ee980000,0x00000000ee980000)
  from space 6656K, 99% used [0x00000000ee980000,0x00000000eeffe8b0,0x00000000ef000000)
  to   space 7168K, 0% used [0x00000000f0000000,0x00000000f0000000,0x00000000f0700000)
 ParOldGen       total 34816K, used 7784K [0x00000000c0000000, 0x00000000c2200000, 0x00000000eab00000)
  object space 34816K, 22% used [0x00000000c0000000,0x00000000c079a010,0x00000000c2200000)
 Metaspace       used 33477K, capacity 35026K, committed 35120K, reserved 1079296K
  class space    used 4338K, capacity 4643K, committed 4656K, reserved 1048576K
Event: 7.232 GC heap after
Heap after GC invocations=9 (full 1):
 PSYoungGen      total 83968K, used 7152K [0x00000000eab00000, 0x00000000f1d80000, 0x0000000100000000)
  eden space 76800K, 0% used [0x00000000eab00000,0x00000000eab00000,0x00000000ef600000)
  from space 7168K, 99% used [0x00000000f0000000,0x00000000f06fc030,0x00000000f0700000)
  to   space 10240K, 0% used [0x00000000ef600000,0x00000000ef600000,0x00000000f0000000)
 ParOldGen       total 34816K, used 12401K [0x00000000c0000000, 0x00000000c2200000, 0x00000000eab00000)
  object space 34816K, 35% used [0x00000000c0000000,0x00000000c0c1c4d8,0x00000000c2200000)
 Metaspace       used 33477K, capacity 35026K, committed 35120K, reserved 1079296K
  class space    used 4338K, capacity 4643K, committed 4656K, reserved 1048576K
}
Event: 7.370 GC heap before
{Heap before GC invocations=10 (full 1):
 PSYoungGen      total 83968K, used 13649K [0x00000000eab00000, 0x00000000f1d80000, 0x0000000100000000)
  eden space 76800K, 8% used [0x00000000eab00000,0x00000000eb1585a0,0x00000000ef600000)
  from space 7168K, 99% used [0x00000000f0000000,0x00000000f06fc030,0x00000000f0700000)
  to   space 10240K, 0% used [0x00000000ef600000,0x00000000ef600000,0x00000000f0000000)
 ParOldGen       total 34816K, used 12401K [0x00000000c0000000, 0x00000000c2200000, 0x00000000eab00000)
  object space 34816K, 35% used [0x00000000c0000000,0x00000000c0c1c4d8,0x00000000c2200000)
 Metaspace       used 33710K, capacity 35326K, committed 35496K, reserved 1079296K
  class space    used 4363K, capacity 4661K, committed 4776K, reserved 1048576K
Event: 7.396 GC heap after
Heap after GC invocations=10 (full 1):
 PSYoungGen      total 87040K, used 6148K [0x00000000eab00000, 0x00000000f2980000, 0x0000000100000000)
  eden space 76800K, 0% used [0x00000000eab00000,0x00000000eab00000,0x00000000ef600000)
  from space 10240K, 60% used [0x00000000ef600000,0x00000000efc010a8,0x00000000f0000000)
  to   space 9728K, 0% used [0x00000000f2000000,0x00000000f2000000,0x00000000f2980000)
 ParOldGen       total 34816K, used 13681K [0x00000000c0000000, 0x00000000c2200000, 0x00000000eab00000)
  object space 34816K, 39% used [0x00000000c0000000,0x00000000c0d5c4f8,0x00000000c2200000)
 Metaspace       used 33710K, capacity 35326K, committed 35496K, reserved 1079296K
  class space    used 4363K, capacity 4661K, committed 4776K, reserved 1048576K
}
Event: 7.396 GC heap before
{Heap before GC invocations=11 (full 2):
 PSYoungGen      total 87040K, used 6148K [0x00000000eab00000, 0x00000000f2980000, 0x0000000100000000)
  eden space 76800K, 0% used [0x00000000eab00000,0x00000000eab00000,0x00000000ef600000)
  from space 10240K, 60% used [0x00000000ef600000,0x00000000efc010a8,0x00000000f0000000)
  to   space 9728K, 0% used [0x00000000f2000000,0x00000000f2000000,0x00000000f2980000)
 ParOldGen       total 34816K, used 13681K [0x00000000c0000000, 0x00000000c2200000, 0x00000000eab00000)
  object space 34816K, 39% used [0x00000000c0000000,0x00000000c0d5c4f8,0x00000000c2200000)
 Metaspace       used 33710K, capacity 35326K, committed 35496K, reserved 1079296K
  class space    used 4363K, capacity 4661K, committed 4776K, reserved 1048576K
Event: 7.492 GC heap after
Heap after GC invocations=11 (full 2):
 PSYoungGen      total 87040K, used 0K [0x00000000eab00000, 0x00000000f2980000, 0x0000000100000000)
  eden space 76800K, 0% used [0x00000000eab00000,0x00000000eab00000,0x00000000ef600000)
  from space 10240K, 0% used [0x00000000ef600000,0x00000000ef600000,0x00000000f0000000)
  to   space 9728K, 0% used [0x00000000f2000000,0x00000000f2000000,0x00000000f2980000)
 ParOldGen       total 46592K, used 12260K [0x00000000c0000000, 0x00000000c2d80000, 0x00000000eab00000)
  object space 46592K, 26% used [0x00000000c0000000,0x00000000c0bf9130,0x00000000c2d80000)
 Metaspace       used 33710K, capacity 35326K, committed 35496K, reserved 1079296K
  class space    used 4363K, capacity 4661K, committed 4776K, reserved 1048576K
}

Deoptimization events (10 events):
Event: 12.347 Thread 0x0000000018e84000 Uncommon trap: reason=predicate action=maybe_recompile pc=0x0000000003e311a8 method=java.util.AbstractCollection.toArray([Ljava/lang/Object;)[Ljava/lang/Object; @ 49
Event: 13.542 Thread 0x0000000018e5e000 Uncommon trap: reason=array_check action=maybe_recompile pc=0x0000000003e0f75c method=java.util.AbstractCollection.toArray([Ljava/lang/Object;)[Ljava/lang/Object; @ 119
Event: 13.627 Thread 0x0000000018e5e000 Uncommon trap: reason=array_check action=maybe_recompile pc=0x0000000003e0f75c method=java.util.AbstractCollection.toArray([Ljava/lang/Object;)[Ljava/lang/Object; @ 119
Event: 13.627 Thread 0x0000000018e5e000 Uncommon trap: reason=array_check action=maybe_recompile pc=0x0000000003e0f75c method=java.util.AbstractCollection.toArray([Ljava/lang/Object;)[Ljava/lang/Object; @ 119
Event: 13.627 Thread 0x0000000018e5e000 Uncommon trap: reason=array_check action=maybe_recompile pc=0x0000000003e0f75c method=java.util.AbstractCollection.toArray([Ljava/lang/Object;)[Ljava/lang/Object; @ 119
Event: 13.667 Thread 0x0000000018e5e000 Uncommon trap: reason=class_check action=maybe_recompile pc=0x0000000003e42ad8 method=java.util.TreeMap.put(Ljava/lang/Object;Ljava/lang/Object;)Ljava/lang/Object; @ 127
Event: 13.667 Thread 0x0000000018e5e000 Uncommon trap: reason=class_check action=maybe_recompile pc=0x0000000003e42ad8 method=java.util.TreeMap.put(Ljava/lang/Object;Ljava/lang/Object;)Ljava/lang/Object; @ 127
Event: 13.707 Thread 0x0000000018e5e000 Uncommon trap: reason=bimorphic action=maybe_recompile pc=0x0000000003b79dbc method=java.util.AbstractList$Itr.next()Ljava/lang/Object; @ 14
Event: 13.719 Thread 0x0000000018e5e000 Uncommon trap: reason=bimorphic action=maybe_recompile pc=0x0000000003b79dbc method=java.util.AbstractList$Itr.next()Ljava/lang/Object; @ 14
Event: 13.966 Thread 0x0000000018e5e000 Uncommon trap: reason=predicate action=maybe_recompile pc=0x000000000358a7ec method=java.lang.String.regionMatches(ZILjava/lang/String;II)Z @ 63

Classes redefined (0 events):
No events

Internal exceptions (10 events):
Event: 12.359 Thread 0x0000000018e84000 Exception <a 'java/lang/ClassNotFoundException': org/springframework/boot/actuate/endpoint/jmx/EndpointMBean> (0x00000000ebf92550) thrown at [C:\re\workspace\8-2-build-windows-amd64-cygwin\jdk8u211\12973\hotspot\src\share\vm\classfile\systemDictionary.cpp
Event: 12.359 Thread 0x0000000018e84000 Exception <a 'java/lang/ClassNotFoundException': org/springframework/boot/actuate/endpoint/jmx/DataEndpointMBean> (0x00000000ebf92ab0) thrown at [C:\re\workspace\8-2-build-windows-amd64-cygwin\jdk8u211\12973\hotspot\src\share\vm\classfile\systemDictionary
Event: 12.360 Thread 0x0000000018e84000 Exception <a 'java/lang/ClassNotFoundException': org/springframework/context/support/LiveBeansView> (0x00000000ebf92ff8) thrown at [C:\re\workspace\8-2-build-windows-amd64-cygwin\jdk8u211\12973\hotspot\src\share\vm\classfile\systemDictionary.cpp, line 210
Event: 12.362 Thread 0x0000000018e84000 Exception <a 'java/lang/ClassNotFoundException': org/springframework/boot/actuate/endpoint/jmx/EndpointMBean> (0x00000000ebfe3530) thrown at [C:\re\workspace\8-2-build-windows-amd64-cygwin\jdk8u211\12973\hotspot\src\share\vm\classfile\systemDictionary.cpp
Event: 12.362 Thread 0x0000000018e84000 Exception <a 'java/lang/ClassNotFoundException': org/springframework/boot/actuate/endpoint/jmx/DataEndpointMBean> (0x00000000ebfe3a90) thrown at [C:\re\workspace\8-2-build-windows-amd64-cygwin\jdk8u211\12973\hotspot\src\share\vm\classfile\systemDictionary
Event: 12.362 Thread 0x0000000018e84000 Exception <a 'java/lang/ClassNotFoundException': org/springframework/context/support/LiveBeansView> (0x00000000ebfe3fd8) thrown at [C:\re\workspace\8-2-build-windows-amd64-cygwin\jdk8u211\12973\hotspot\src\share\vm\classfile\systemDictionary.cpp, line 210
Event: 12.362 Thread 0x0000000018e84000 Exception <a 'java/lang/ClassNotFoundException': org/springframework/boot/actuate/endpoint/jmx/EndpointMBean> (0x00000000ebfe4308) thrown at [C:\re\workspace\8-2-build-windows-amd64-cygwin\jdk8u211\12973\hotspot\src\share\vm\classfile\systemDictionary.cpp
Event: 12.362 Thread 0x0000000018e84000 Exception <a 'java/lang/ClassNotFoundException': org/springframework/boot/actuate/endpoint/jmx/DataEndpointMBean> (0x00000000ebfe4828) thrown at [C:\re\workspace\8-2-build-windows-amd64-cygwin\jdk8u211\12973\hotspot\src\share\vm\classfile\systemDictionary
Event: 12.362 Thread 0x0000000018e84000 Exception <a 'java/lang/ClassNotFoundException': org/springframework/context/support/LiveBeansView> (0x00000000ebfe4d30) thrown at [C:\re\workspace\8-2-build-windows-amd64-cygwin\jdk8u211\12973\hotspot\src\share\vm\classfile\systemDictionary.cpp, line 210
Event: 13.706 Thread 0x0000000018e5e000 Exception <a 'java/lang/NoSuchMethodError': java.lang.Object.lambda$thenComparing$36697e65$1(Ljava/util/Comparator;Ljava/lang/Object;Ljava/lang/Object;)I> (0x00000000ec4bb058) thrown at [C:\re\workspace\8-2-build-windows-amd64-cygwin\jdk8u211\12973\hotspo

Events (10 events):
Event: 13.972 loading class org/thymeleaf/engine/HTMLElementDefinition
Event: 13.972 loading class org/thymeleaf/engine/HTMLElementDefinition done
Event: 13.973 loading class org/thymeleaf/engine/XMLElementDefinition
Event: 13.973 loading class org/thymeleaf/engine/XMLElementDefinition done
Event: 13.973 loading class org/thymeleaf/engine/TextElementDefinition
Event: 13.973 loading class org/thymeleaf/engine/TextElementDefinition done
Event: 13.974 loading class org/thymeleaf/engine/ElementDefinitions$HTMLElementDefinitionSpec
Event: 13.974 loading class org/thymeleaf/engine/ElementDefinitions$HTMLElementDefinitionSpec done
Event: 13.974 loading class org/thymeleaf/engine/HTMLElementType
Event: 13.974 loading class org/thymeleaf/engine/HTMLElementType done


Dynamic libraries:
0x00007ff73a530000 - 0x00007ff73a567000 	C:\Program Files\Java\jre1.8.0_211\bin\javaw.exe
0x00007ff822d50000 - 0x00007ff822f31000 	C:\Windows\SYSTEM32\ntdll.dll
0x00007ff821160000 - 0x00007ff821211000 	C:\Windows\System32\KERNEL32.DLL
0x00007ff81fcd0000 - 0x00007ff81ff43000 	C:\Windows\System32\KERNELBASE.dll
0x00007ff820600000 - 0x00007ff8206a1000 	C:\Windows\System32\ADVAPI32.dll
0x00007ff8209c0000 - 0x00007ff820a5e000 	C:\Windows\System32\msvcrt.dll
0x00007ff820240000 - 0x00007ff82029b000 	C:\Windows\System32\sechost.dll
0x00007ff820890000 - 0x00007ff8209b4000 	C:\Windows\System32\RPCRT4.dll
0x00007ff822b30000 - 0x00007ff822cc0000 	C:\Windows\System32\USER32.dll
0x00007ff81f210000 - 0x00007ff81f230000 	C:\Windows\System32\win32u.dll
0x00007ff8205d0000 - 0x00007ff8205f8000 	C:\Windows\System32\GDI32.dll
0x00007ff81fb30000 - 0x00007ff81fcc1000 	C:\Windows\System32\gdi32full.dll
0x00007ff81f170000 - 0x00007ff81f20f000 	C:\Windows\System32\msvcp_win.dll
0x00007ff81ff50000 - 0x00007ff820048000 	C:\Windows\System32\ucrtbase.dll
0x00007ff811d90000 - 0x00007ff811ff9000 	C:\Windows\WinSxS\amd64_microsoft.windows.common-controls_6595b64144ccf1df_6.0.17134.885_none_fb42a3473065565f\COMCTL32.dll
0x00007ff822800000 - 0x00007ff822b22000 	C:\Windows\System32\combase.dll
0x00007ff820160000 - 0x00007ff8201d9000 	C:\Windows\System32\bcryptPrimitives.dll
0x00007ff821130000 - 0x00007ff82115d000 	C:\Windows\System32\IMM32.DLL
0x000000005c500000 - 0x000000005c5d2000 	C:\Program Files\Java\jre1.8.0_211\bin\msvcr100.dll
0x000000005c5e0000 - 0x000000005ce85000 	C:\Program Files\Java\jre1.8.0_211\bin\server\jvm.dll
0x00007ff822660000 - 0x00007ff822668000 	C:\Windows\System32\PSAPI.DLL
0x00007ff81a5a0000 - 0x00007ff81a5aa000 	C:\Windows\SYSTEM32\VERSION.dll
0x00007ff81d200000 - 0x00007ff81d223000 	C:\Windows\SYSTEM32\WINMM.dll
0x00007ff8172f0000 - 0x00007ff8172f9000 	C:\Windows\SYSTEM32\WSOCK32.dll
0x00007ff820a70000 - 0x00007ff820adc000 	C:\Windows\System32\WS2_32.dll
0x00007ff81d0f0000 - 0x00007ff81d11a000 	C:\Windows\SYSTEM32\winmmbase.dll
0x00007ff81f120000 - 0x00007ff81f169000 	C:\Windows\System32\cfgmgr32.dll
0x00007ff81b650000 - 0x00007ff81b65f000 	C:\Program Files\Java\jre1.8.0_211\bin\verify.dll
0x00007ff8104a0000 - 0x00007ff8104c9000 	C:\Program Files\Java\jre1.8.0_211\bin\java.dll
0x00007ff8127d0000 - 0x00007ff8127e6000 	C:\Program Files\Java\jre1.8.0_211\bin\zip.dll
0x00007ff821220000 - 0x00007ff822660000 	C:\Windows\System32\SHELL32.dll
0x00007ff820f30000 - 0x00007ff820fd9000 	C:\Windows\System32\shcore.dll
0x00007ff81f230000 - 0x00007ff81f93d000 	C:\Windows\System32\windows.storage.dll
0x00007ff822cc0000 - 0x00007ff822d11000 	C:\Windows\System32\shlwapi.dll
0x00007ff81f090000 - 0x00007ff81f0a1000 	C:\Windows\System32\kernel.appcore.dll
0x00007ff81f100000 - 0x00007ff81f11f000 	C:\Windows\System32\profapi.dll
0x00007ff81f0b0000 - 0x00007ff81f0fc000 	C:\Windows\System32\powrprof.dll
0x00007ff81f080000 - 0x00007ff81f08a000 	C:\Windows\System32\FLTLIB.DLL
0x00007ff81ba60000 - 0x00007ff81ba6d000 	C:\Program Files\Java\jre1.8.0_211\bin\management.dll
0x00007ff818490000 - 0x00007ff8184aa000 	C:\Program Files\Java\jre1.8.0_211\bin\net.dll
0x00007ff817120000 - 0x00007ff8172e9000 	C:\Windows\SYSTEM32\urlmon.dll
0x00007ff8174a0000 - 0x00007ff817746000 	C:\Windows\SYSTEM32\iertutil.dll
0x00007ff81eab0000 - 0x00007ff81eabb000 	C:\Windows\SYSTEM32\CRYPTBASE.DLL
0x00007ff81e8e0000 - 0x00007ff81e946000 	C:\Windows\system32\mswsock.dll
0x00007ff8000d0000 - 0x00007ff8000e6000 	C:\Windows\system32\napinsp.dll
0x00007ff8000b0000 - 0x00007ff8000ca000 	C:\Windows\system32\pnrpnsp.dll
0x00007ff81b9d0000 - 0x00007ff81b9e9000 	C:\Windows\system32\NLAapi.dll
0x00007ff81e6b0000 - 0x00007ff81e76e000 	C:\Windows\SYSTEM32\DNSAPI.dll
0x00007ff8227d0000 - 0x00007ff8227d8000 	C:\Windows\System32\NSI.dll
0x00007ff81e670000 - 0x00007ff81e6a8000 	C:\Windows\SYSTEM32\IPHLPAPI.DLL
0x00007ff805b00000 - 0x00007ff805b0e000 	C:\Windows\System32\winrnr.dll
0x00007ff811b50000 - 0x00007ff811b5a000 	C:\Windows\System32\rasadhlp.dll
0x00007ff813190000 - 0x00007ff813202000 	C:\Windows\System32\fwpuclnt.dll
0x00007ff81ebc0000 - 0x00007ff81ebe5000 	C:\Windows\SYSTEM32\bcrypt.dll
0x00007ff8183e0000 - 0x00007ff8183f2000 	C:\Program Files\Java\jre1.8.0_211\bin\nio.dll
0x00007ff81ea90000 - 0x00007ff81eaa7000 	C:\Windows\SYSTEM32\CRYPTSP.dll
0x00007ff81e4d0000 - 0x00007ff81e503000 	C:\Windows\system32\rsaenh.dll
0x00007ff81ef60000 - 0x00007ff81ef88000 	C:\Windows\SYSTEM32\USERENV.dll
0x00007ff816920000 - 0x00007ff816936000 	C:\Windows\SYSTEM32\dhcpcsvc6.DLL
0x00007ff816c30000 - 0x00007ff816c4a000 	C:\Windows\SYSTEM32\dhcpcsvc.DLL
0x00007ff80d010000 - 0x00007ff80d1d9000 	C:\Windows\SYSTEM32\dbghelp.dll

VM Arguments:
jvm_args: -Dfile.encoding=UTF-8 
java_command: de.Gorden.Application
java_class_path (initial): C:\Users\gorde\Desktop\JavaJee\Arbeitsmappe\Webapp-master\target\classes;C:\Users\gorde\.m2\repository\org\springframework\boot\spring-boot-starter-web\2.1.6.RELEASE\spring-boot-starter-web-2.1.6.RELEASE.jar;C:\Users\gorde\.m2\repository\org\springframework\boot\spring-boot-starter\2.1.6.RELEASE\spring-boot-starter-2.1.6.RELEASE.jar;C:\Users\gorde\.m2\repository\org\springframework\boot\spring-boot-starter-logging\2.1.6.RELEASE\spring-boot-starter-logging-2.1.6.RELEASE.jar;C:\Users\gorde\.m2\repository\ch\qos\logback\logback-classic\1.2.3\logback-classic-1.2.3.jar;C:\Users\gorde\.m2\repository\ch\qos\logback\logback-core\1.2.3\logback-core-1.2.3.jar;C:\Users\gorde\.m2\repository\org\apache\logging\log4j\log4j-to-slf4j\2.11.2\log4j-to-slf4j-2.11.2.jar;C:\Users\gorde\.m2\repository\org\apache\logging\log4j\log4j-api\2.11.2\log4j-api-2.11.2.jar;C:\Users\gorde\.m2\repository\org\slf4j\jul-to-slf4j\1.7.26\jul-to-slf4j-1.7.26.jar;C:\Users\gorde\.m2\repository\javax\annotation\javax.annotation-api\1.3.2\javax.annotation-api-1.3.2.jar;C:\Users\gorde\.m2\repository\org\springframework\spring-core\5.1.8.RELEASE\spring-core-5.1.8.RELEASE.jar;C:\Users\gorde\.m2\repository\org\springframework\spring-jcl\5.1.8.RELEASE\spring-jcl-5.1.8.RELEASE.jar;C:\Users\gorde\.m2\repository\org\yaml\snakeyaml\1.23\snakeyaml-1.23.jar;C:\Users\gorde\.m2\repository\org\springframework\boot\spring-boot-starter-json\2.1.6.RELEASE\spring-boot-starter-json-2.1.6.RELEASE.jar;C:\Users\gorde\.m2\repository\com\fasterxml\jackson\core\jackson-databind\2.9.9\jackson-databind-2.9.9.jar;C:\Users\gorde\.m2\repository\com\fasterxml\jackson\core\jackson-annotations\2.9.0\jackson-annotations-2.9.0.jar;C:\Users\gorde\.m2\repository\com\fasterxml\jackson\core\jackson-core\2.9.9\jackson-core-2.9.9.jar;C:\Users\gorde\.m2\repository\com\fasterxml\jackson\datatype\jackson-datatype-jdk8\2.9.9\jackson-datatype-jdk8-2.9.9.jar;C:\Users\gorde\.m2\repository\com\fasterxml\jackson\datatype\jackson
Launcher Type: SUN_STANDARD

Environment Variables:
JAVA_HOME=C:\Program Files\Java\jdk1.8.0_211\bin
PATH=C:/Program Files/Java/jre1.8.0_211/bin/server;C:/Program Files/Java/jre1.8.0_211/bin;C:/Program Files/Java/jre1.8.0_211/lib/amd64;C:\Program Files (x86)\Common Files\Oracle\Java\javapath;C:\Windows\system32;C:\Windows;C:\Windows\System32\Wbem;C:\Windows\System32\WindowsPowerShell\v1.0\;C:\Windows\System32\OpenSSH\;C:\Program Files (x86)\NVIDIA Corporation\PhysX\Common;C:\Program Files\NVIDIA Corporation\NVIDIA NvDLISR;C:\Program Files\apache-maven-3.6.1\bin;C:\Program Files\Java\jdk1.8.0_211\bin;C:\Users\gorde\AppData\Local\Microsoft\WindowsApps;;C:\Users\gorde\Downloads;
USERNAME=gorde
OS=Windows_NT
PROCESSOR_IDENTIFIER=Intel64 Family 6 Model 23 Stepping 10, GenuineIntel



---------------  S Y S T E M  ---------------

OS: Windows 10.0 , 64 bit Build 17134 (10.0.17134.753)

CPU:total 4 (initial active 4) (4 cores per cpu, 1 threads per core) family 6 model 23 stepping 10, cmov, cx8, fxsr, mmx, sse, sse2, sse3, ssse3, sse4.1, tsc

Memory: 4k page, physical 4193332k(804008k free), swap 8125492k(1739648k free)

vm_info: Java HotSpot(TM) 64-Bit Server VM (25.211-b12) for windows-amd64 JRE (1.8.0_211-b12), built on Apr  1 2019 20:53:26 by "java_re" with MS VC++ 10.0 (VS2010)

time: Mon Jul 22 12:14:36 2019
timezone: Mitteleuropäische Sommerzeit
elapsed time: 14 seconds (0d 0h 0m 14s)

